Notice: /home/mark/projects/ssdocs/input/subversion.txt (line 7): Link with segment seen, not handled properly
Notice: /home/mark/projects/ssdocs/input/subversion.txt (line 9): Link with segment seen, not handled properly
Notice: /home/mark/projects/ssdocs/input/subversion.txt (line 14): Link with segment seen, not handled properly
Notice: /home/mark/projects/ssdocs/input/subversion.txt (line 101): Link with segment seen, not handled properly
Notice: /home/mark/projects/ssdocs/input/subversion.txt (line 111): Link with segment seen, not handled properly
Notice: /home/mark/projects/ssdocs/input/subversion.txt (line 118): Link with segment seen, not handled properly
Notice: /home/mark/projects/ssdocs/input/subversion.txt (line 123): Link with segment seen, not handled properly
Notice: /home/mark/projects/ssdocs/input/subversion.txt (line 135): Link with segment seen, not handled properly
Notice: /home/mark/projects/ssdocs/input/secure-development.txt (line 4): Link with segment seen, not handled properly
Notice: /home/mark/projects/ssdocs/input/videotours.txt (line 20): Possible nested indent, which isn't handled
Notice: /home/mark/projects/ssdocs/input/videotours.txt (line 32): Possible nested indent, which isn't handled
Notice: /home/mark/projects/ssdocs/input/videotours.txt (line 33): Possible nested indent, which isn't handled
Notice: /home/mark/projects/ssdocs/input/videotours.txt (line 47): Possible nested indent, which isn't handled
Notice: /home/mark/projects/ssdocs/input/releases.txt (line 32): Possible nested indent, which isn't handled
Notice: /home/mark/projects/ssdocs/input/releases.txt (line 33): Possible nested indent, which isn't handled
Notice: /home/mark/projects/ssdocs/input/tmp/documentation-restructuring.txt (line 20): Possible nested indent, which isn't handled
Notice: /home/mark/projects/ssdocs/input/tmp/documentation-restructuring.txt (line 25): Possible nested indent, which isn't handled
Notice: /home/mark/projects/ssdocs/input/tmp/documentation-restructuring.txt (line 26): Possible nested indent, which isn't handled
Notice: /home/mark/projects/ssdocs/input/tmp/documentation-restructuring.txt (line 27): Possible nested indent, which isn't handled
Notice: /home/mark/projects/ssdocs/input/tmp/documentation-restructuring.txt (line 28): Possible nested indent, which isn't handled
Notice: /home/mark/projects/ssdocs/input/tmp/documentation-restructuring.txt (line 29): Possible nested indent, which isn't handled
Notice: /home/mark/projects/ssdocs/input/tmp/documentation-restructuring.txt (line 30): Possible nested indent, which isn't handled
Notice: /home/mark/projects/ssdocs/input/tmp/documentation-restructuring.txt (line 31): Possible nested indent, which isn't handled
Notice: /home/mark/projects/ssdocs/input/tmp/documentation-restructuring.txt (line 32): Possible nested indent, which isn't handled
Notice: /home/mark/projects/ssdocs/input/tmp/documentation-restructuring.txt (line 33): Possible nested indent, which isn't handled
Notice: /home/mark/projects/ssdocs/input/tmp/documentation-restructuring.txt (line 34): Possible nested indent, which isn't handled
Notice: /home/mark/projects/ssdocs/input/tmp/documentation-restructuring.txt (line 35): Possible nested indent, which isn't handled
Notice: /home/mark/projects/ssdocs/input/tmp/documentation-restructuring.txt (line 36): Possible nested indent, which isn't handled
Notice: /home/mark/projects/ssdocs/input/tmp/documentation-restructuring.txt (line 37): Possible nested indent, which isn't handled
Notice: /home/mark/projects/ssdocs/input/tmp/documentation-restructuring.txt (line 38): Possible nested indent, which isn't handled
Notice: /home/mark/projects/ssdocs/input/tmp/documentation-restructuring.txt (line 39): Possible nested indent, which isn't handled
Notice: /home/mark/projects/ssdocs/input/tmp/documentation-restructuring.txt (line 47): Possible nested indent, which isn't handled
Notice: /home/mark/projects/ssdocs/input/tmp/documentation-restructuring.txt (line 48): Possible nested indent, which isn't handled
Notice: /home/mark/projects/ssdocs/input/tmp/documentation-restructuring.txt (line 49): Possible nested indent, which isn't handled
Notice: /home/mark/projects/ssdocs/input/tmp/documentation-restructuring.txt (line 50): Possible nested indent, which isn't handled
Notice: /home/mark/projects/ssdocs/input/tmp/documentation-restructuring.txt (line 51): Possible nested indent, which isn't handled
Notice: /home/mark/projects/ssdocs/input/tmp/documentation-restructuring.txt (line 52): Possible nested indent, which isn't handled
Notice: /home/mark/projects/ssdocs/input/tmp/documentation-restructuring.txt (line 60): Possible nested indent, which isn't handled
Notice: /home/mark/projects/ssdocs/input/tmp/documentation-restructuring.txt (line 61): Possible nested indent, which isn't handled
Notice: /home/mark/projects/ssdocs/input/tmp/documentation-restructuring.txt (line 62): Possible nested indent, which isn't handled
Notice: /home/mark/projects/ssdocs/input/tmp/documentation-restructuring.txt (line 63): Possible nested indent, which isn't handled
Notice: /home/mark/projects/ssdocs/input/tmp/documentation-restructuring.txt (line 64): Possible nested indent, which isn't handled
Notice: /home/mark/projects/ssdocs/input/tmp/documentation-restructuring.txt (line 65): Possible nested indent, which isn't handled
Notice: /home/mark/projects/ssdocs/input/tmp/documentation-restructuring.txt (line 69): Possible nested indent, which isn't handled
Notice: /home/mark/projects/ssdocs/input/tmp/documentation-restructuring.txt (line 76): Possible nested indent, which isn't handled
Notice: /home/mark/projects/ssdocs/input/tmp/documentation-restructuring.txt (line 77): Possible nested indent, which isn't handled
Notice: /home/mark/projects/ssdocs/input/tmp/documentation-restructuring.txt (line 78): Possible nested indent, which isn't handled
Notice: /home/mark/projects/ssdocs/input/tmp/documentation-restructuring.txt (line 79): Possible nested indent, which isn't handled
Notice: /home/mark/projects/ssdocs/input/tmp/documentation-restructuring.txt (line 80): Possible nested indent, which isn't handled
Notice: /home/mark/projects/ssdocs/input/tmp/documentation-restructuring.txt (line 81): Possible nested indent, which isn't handled
Notice: /home/mark/projects/ssdocs/input/tmp/documentation-restructuring.txt (line 82): Possible nested indent, which isn't handled
Notice: /home/mark/projects/ssdocs/input/tmp/documentation-restructuring.txt (line 83): Possible nested indent, which isn't handled
Notice: /home/mark/projects/ssdocs/input/tmp/documentation-restructuring.txt (line 84): Possible nested indent, which isn't handled
Notice: /home/mark/projects/ssdocs/input/tmp/documentation-restructuring.txt (line 85): Possible nested indent, which isn't handled
Notice: /home/mark/projects/ssdocs/input/tmp/documentation-restructuring.txt (line 86): Possible nested indent, which isn't handled
Notice: /home/mark/projects/ssdocs/input/tmp/documentation-restructuring.txt (line 87): Possible nested indent, which isn't handled
Notice: /home/mark/projects/ssdocs/input/tmp/documentation-restructuring.txt (line 93): Possible nested indent, which isn't handled
Notice: /home/mark/projects/ssdocs/input/tmp/documentation-restructuring.txt (line 94): Possible nested indent, which isn't handled
Notice: /home/mark/projects/ssdocs/input/tmp/documentation-restructuring.txt (line 95): Possible nested indent, which isn't handled
Notice: /home/mark/projects/ssdocs/input/tmp/documentation-restructuring.txt (line 96): Possible nested indent, which isn't handled
Notice: /home/mark/projects/ssdocs/input/tmp/documentation-restructuring.txt (line 97): Possible nested indent, which isn't handled
Notice: /home/mark/projects/ssdocs/input/tmp/documentation-restructuring.txt (line 101): Possible nested indent, which isn't handled
Notice: /home/mark/projects/ssdocs/input/tmp/documentation-restructuring.txt (line 109): Possible nested indent, which isn't handled
Notice: /home/mark/projects/ssdocs/input/tmp/documentation-restructuring.txt (line 110): Possible nested indent, which isn't handled
Notice: /home/mark/projects/ssdocs/input/tmp/documentation-restructuring.txt (line 111): Possible nested indent, which isn't handled
Notice: /home/mark/projects/ssdocs/input/tmp/documentation-restructuring.txt (line 112): Possible nested indent, which isn't handled
Notice: /home/mark/projects/ssdocs/input/tmp/documentation-restructuring.txt (line 113): Possible nested indent, which isn't handled
Notice: /home/mark/projects/ssdocs/input/tmp/documentation-restructuring.txt (line 114): Possible nested indent, which isn't handled
Notice: /home/mark/projects/ssdocs/input/tmp/documentation-restructuring.txt (line 122): Possible nested indent, which isn't handled
Notice: /home/mark/projects/ssdocs/input/tmp/documentation-restructuring.txt (line 123): Possible nested indent, which isn't handled
Notice: /home/mark/projects/ssdocs/input/tmp/documentation-restructuring.txt (line 124): Possible nested indent, which isn't handled
Notice: /home/mark/projects/ssdocs/input/tmp/documentation-restructuring.txt (line 125): Possible nested indent, which isn't handled
Notice: /home/mark/projects/ssdocs/input/tmp/documentation-restructuring.txt (line 126): Possible nested indent, which isn't handled
Notice: /home/mark/projects/ssdocs/input/tmp/documentation-restructuring.txt (line 127): Possible nested indent, which isn't handled
Notice: /home/mark/projects/ssdocs/input/tmp/documentation-restructuring.txt (line 128): Possible nested indent, which isn't handled
Notice: /home/mark/projects/ssdocs/input/tmp/documentation-restructuring.txt (line 129): Possible nested indent, which isn't handled
Notice: /home/mark/projects/ssdocs/input/tmp/documentation-restructuring.txt (line 137): Possible nested indent, which isn't handled
Notice: /home/mark/projects/ssdocs/input/tmp/documentation-restructuring.txt (line 138): Possible nested indent, which isn't handled
Notice: /home/mark/projects/ssdocs/input/tmp/documentation-restructuring.txt (line 139): Possible nested indent, which isn't handled
Notice: /home/mark/projects/ssdocs/input/tmp/documentation-restructuring.txt (line 140): Possible nested indent, which isn't handled
Notice: /home/mark/projects/ssdocs/input/tmp/documentation-restructuring.txt (line 141): Possible nested indent, which isn't handled
Notice: /home/mark/projects/ssdocs/input/tmp/documentation-restructuring.txt (line 149): Possible nested indent, which isn't handled
Notice: /home/mark/projects/ssdocs/input/tmp/documentation-restructuring.txt (line 150): Possible nested indent, which isn't handled
Notice: /home/mark/projects/ssdocs/input/tmp/documentation-restructuring.txt (line 151): Possible nested indent, which isn't handled
Notice: /home/mark/projects/ssdocs/input/tmp/documentation-restructuring.txt (line 152): Possible nested indent, which isn't handled
Notice: /home/mark/projects/ssdocs/input/tmp/documentation-restructuring.txt (line 153): Possible nested indent, which isn't handled
Notice: /home/mark/projects/ssdocs/input/tmp/documentation-restructuring.txt (line 154): Possible nested indent, which isn't handled
Notice: /home/mark/projects/ssdocs/input/tmp/documentation-restructuring.txt (line 155): Possible nested indent, which isn't handled
Notice: /home/mark/projects/ssdocs/input/tmp/documentation-restructuring.txt (line 162): Possible nested indent, which isn't handled
Notice: /home/mark/projects/ssdocs/input/tmp/documentation-restructuring.txt (line 163): Possible nested indent, which isn't handled
Notice: /home/mark/projects/ssdocs/input/tmp/documentation-restructuring.txt (line 164): Possible nested indent, which isn't handled
Notice: /home/mark/projects/ssdocs/input/tmp/documentation-restructuring.txt (line 172): Possible nested indent, which isn't handled
Notice: /home/mark/projects/ssdocs/input/tmp/documentation-restructuring.txt (line 173): Possible nested indent, which isn't handled
Notice: /home/mark/projects/ssdocs/input/tmp/documentation-restructuring.txt (line 174): Possible nested indent, which isn't handled
Notice: /home/mark/projects/ssdocs/input/tmp/documentation-restructuring.txt (line 175): Possible nested indent, which isn't handled
Notice: /home/mark/projects/ssdocs/input/tmp/documentation-restructuring.txt (line 176): Possible nested indent, which isn't handled
Notice: /home/mark/projects/ssdocs/input/tmp/documentation-restructuring.txt (line 177): Possible nested indent, which isn't handled
Notice: /home/mark/projects/ssdocs/input/tmp/documentation-restructuring.txt (line 178): Possible nested indent, which isn't handled
Notice: /home/mark/projects/ssdocs/input/tmp/documentation-restructuring.txt (line 184): Possible nested indent, which isn't handled
Notice: /home/mark/projects/ssdocs/input/tmp/documentation-restructuring.txt (line 185): Possible nested indent, which isn't handled
Notice: /home/mark/projects/ssdocs/input/tmp/documentation-restructuring.txt (line 186): Possible nested indent, which isn't handled
Notice: /home/mark/projects/ssdocs/input/tmp/documentation-restructuring.txt (line 187): Possible nested indent, which isn't handled
Notice: /home/mark/projects/ssdocs/input/tmp/documentation-restructuring.txt (line 188): Possible nested indent, which isn't handled
Notice: /home/mark/projects/ssdocs/input/tmp/documentation-restructuring.txt (line 189): Possible nested indent, which isn't handled
Notice: /home/mark/projects/ssdocs/input/tmp/documentation-restructuring.txt (line 190): Possible nested indent, which isn't handled
Notice: /home/mark/projects/ssdocs/input/tmp/documentation-restructuring.txt (line 191): Possible nested indent, which isn't handled
Notice: /home/mark/projects/ssdocs/input/tmp/documentation-restructuring.txt (line 192): Possible nested indent, which isn't handled
Notice: /home/mark/projects/ssdocs/input/themes/developing.txt (line 2): Link with segment seen, not handled properly
Notice: /home/mark/projects/ssdocs/input/themes/developing.txt (line 25): Link with segment seen, not handled properly
Notice: /home/mark/projects/ssdocs/input/themes/developing.txt (line 128): Link with segment seen, not handled properly
Notice: /home/mark/projects/ssdocs/input/directory-structure.txt (line 46): Link with segment seen, not handled properly
Notice: /home/mark/projects/ssdocs/input/translation.txt (line 47): Link with segment seen, not handled properly
Notice: /home/mark/projects/ssdocs/input/server-requirements.txt (line 17): Possible nested indent, which isn't handled
Notice: /home/mark/projects/ssdocs/input/server-requirements.txt (line 18): Possible nested indent, which isn't handled
Notice: /home/mark/projects/ssdocs/input/server-requirements.txt (line 19): Possible nested indent, which isn't handled
Notice: /home/mark/projects/ssdocs/input/server-requirements.txt (line 20): Possible nested indent, which isn't handled
Notice: /home/mark/projects/ssdocs/input/server-requirements.txt (line 21): Possible nested indent, which isn't handled
Notice: /home/mark/projects/ssdocs/input/server-requirements.txt (line 22): Possible nested indent, which isn't handled
Notice: /home/mark/projects/ssdocs/input/server-requirements.txt (line 23): Possible nested indent, which isn't handled
Notice: /home/mark/projects/ssdocs/input/server-requirements.txt (line 24): Possible nested indent, which isn't handled
Notice: /home/mark/projects/ssdocs/input/server-requirements.txt (line 25): Possible nested indent, which isn't handled
Notice: /home/mark/projects/ssdocs/input/server-requirements.txt (line 26): Possible nested indent, which isn't handled
Notice: /home/mark/projects/ssdocs/input/server-requirements.txt (line 64): Possible nested indent, which isn't handled
Notice: /home/mark/projects/ssdocs/input/server-requirements.txt (line 74): Possible nested indent, which isn't handled
Notice: /home/mark/projects/ssdocs/input/server-requirements.txt (line 75): Possible nested indent, which isn't handled
Notice: /home/mark/projects/ssdocs/input/server-requirements.txt (line 86): Possible nested indent, which isn't handled
Notice: /home/mark/projects/ssdocs/input/module-maintainers.txt (line 31): Possible nested indent, which isn't handled
Notice: /home/mark/projects/ssdocs/input/module-maintainers.txt (line 32): Possible nested indent, which isn't handled
Notice: /home/mark/projects/ssdocs/input/testing-howto/create-sapphire-test.txt (line 59): Link with segment seen, not handled properly
Notice: /home/mark/projects/ssdocs/input/dataobjectset.txt (line 59): Link with segment seen, not handled properly
Notice: /home/mark/projects/ssdocs/input/start.txt (line 29): Link with image seen, not handled properly
Notice: /home/mark/projects/ssdocs/input/start.txt (line 44): Possible nested indent, which isn't handled
Notice: /home/mark/projects/ssdocs/input/start.txt (line 45): Possible nested indent, which isn't handled
Notice: /home/mark/projects/ssdocs/input/start.txt (line 46): Possible nested indent, which isn't handled
Notice: /home/mark/projects/ssdocs/input/start.txt (line 47): Possible nested indent, which isn't handled
Notice: /home/mark/projects/ssdocs/input/start.txt (line 48): Possible nested indent, which isn't handled
Notice: /home/mark/projects/ssdocs/input/start.txt (line 49): Possible nested indent, which isn't handled
Notice: /home/mark/projects/ssdocs/input/installation-on-lighttpd.txt (line 3): Possible numbered list item that is not docuwiki format, not handled
Notice: /home/mark/projects/ssdocs/input/installation-on-lighttpd.txt (line 39): Possible numbered list item that is not docuwiki format, not handled
Notice: /home/mark/projects/ssdocs/input/installation-on-lighttpd.txt (line 66): Possible nested indent, which isn't handled
Notice: /home/mark/projects/ssdocs/input/installation-on-lighttpd.txt (line 67): Possible nested indent, which isn't handled
Notice: /home/mark/projects/ssdocs/input/installation-on-lighttpd.txt (line 68): Possible nested indent, which isn't handled
Notice: /home/mark/projects/ssdocs/input/how-page-security-works.txt (line 19): Possible nested indent, which isn't handled
Notice: /home/mark/projects/ssdocs/input/how-page-security-works.txt (line 23): Possible nested indent, which isn't handled
Notice: /home/mark/projects/ssdocs/input/how-page-security-works.txt (line 41): Link with segment seen, not handled properly
Notice: /home/mark/projects/ssdocs/input/templates.txt (line 49): Link with segment seen, not handled properly
Notice: /home/mark/projects/ssdocs/input/templates.txt (line 83): Link with segment seen, not handled properly
Notice: /home/mark/projects/ssdocs/input/error-handling.txt (line 16): Possible nested indent, which isn't handled
Notice: /home/mark/projects/ssdocs/input/error-handling.txt (line 17): Possible nested indent, which isn't handled
Notice: /home/mark/projects/ssdocs/input/error-handling.txt (line 18): Possible nested indent, which isn't handled
Notice: /home/mark/projects/ssdocs/input/director.txt (line 17): Possible nested indent, which isn't handled
Notice: /home/mark/projects/ssdocs/input/director.txt (line 18): Possible nested indent, which isn't handled
Notice: /home/mark/projects/ssdocs/input/creating-modules.txt (line 8): Link with segment seen, not handled properly
Notice: /home/mark/projects/ssdocs/input/recipes/displaying_five_latest_pages_from_multiple_pagetypes.txt (line 2): Link with segment seen, not handled properly
Notice: /home/mark/projects/ssdocs/input/recipes/publishing-to-web-server.txt (line 40): Possible nested indent, which isn't handled
Notice: /home/mark/projects/ssdocs/input/recipes/publishing-to-web-server.txt (line 41): Possible nested indent, which isn't handled
Notice: /home/mark/projects/ssdocs/input/recipes/publishing-to-web-server.txt (line 75): Possible nested indent, which isn't handled
Notice: /home/mark/projects/ssdocs/input/recipes/publishing-to-web-server.txt (line 76): Possible nested indent, which isn't handled
Notice: /home/mark/projects/ssdocs/input/recipes/publishing-to-web-server.txt (line 78): Possible nested indent, which isn't handled
Notice: /home/mark/projects/ssdocs/input/recipes/publishing-to-web-server.txt (line 79): Possible nested indent, which isn't handled
Notice: /home/mark/projects/ssdocs/input/recipes/publishing-to-web-server.txt (line 83): Possible nested indent, which isn't handled
Notice: /home/mark/projects/ssdocs/input/recipes/publishing-to-web-server.txt (line 84): Possible nested indent, which isn't handled
Notice: /home/mark/projects/ssdocs/input/recipes/publishing-to-web-server.txt (line 87): Possible nested indent, which isn't handled
Notice: /home/mark/projects/ssdocs/input/recipes/publishing-to-web-server.txt (line 88): Possible nested indent, which isn't handled
Notice: /home/mark/projects/ssdocs/input/recipes/installation-into-subversion.txt (line 16): Possible nested indent, which isn't handled
Notice: /home/mark/projects/ssdocs/input/recipes/installation-into-subversion.txt (line 17): Possible nested indent, which isn't handled
Notice: /home/mark/projects/ssdocs/input/recipes/installation-into-subversion.txt (line 18): Possible nested indent, which isn't handled
Notice: /home/mark/projects/ssdocs/input/recipes/installation-into-subversion.txt (line 26): Possible nested indent, which isn't handled
Notice: /home/mark/projects/ssdocs/input/recipes/installation-into-subversion.txt (line 27): Possible nested indent, which isn't handled
Notice: /home/mark/projects/ssdocs/input/recipes/installation-into-subversion.txt (line 28): Possible nested indent, which isn't handled
Notice: /home/mark/projects/ssdocs/input/recipes/installation-into-subversion.txt (line 29): Possible nested indent, which isn't handled
Notice: /home/mark/projects/ssdocs/input/recipes/installation-into-subversion.txt (line 30): Possible nested indent, which isn't handled
Notice: /home/mark/projects/ssdocs/input/recipes/installation-into-subversion.txt (line 31): Possible nested indent, which isn't handled
Notice: /home/mark/projects/ssdocs/input/recipes/installation-into-subversion.txt (line 32): Possible nested indent, which isn't handled
Notice: /home/mark/projects/ssdocs/input/recipes/installation-into-subversion.txt (line 33): Possible nested indent, which isn't handled
Notice: /home/mark/projects/ssdocs/input/recipes/installation-into-subversion.txt (line 35): Possible nested indent, which isn't handled
Notice: /home/mark/projects/ssdocs/input/recipes/installation-into-subversion.txt (line 36): Possible nested indent, which isn't handled
Notice: /home/mark/projects/ssdocs/input/recipes/installation-into-subversion.txt (line 37): Possible nested indent, which isn't handled
Notice: /home/mark/projects/ssdocs/input/recipes/installation-into-subversion.txt (line 38): Possible nested indent, which isn't handled
Notice: /home/mark/projects/ssdocs/input/recipes/rebranding-the-cms.txt (line 12): Possible nested indent, which isn't handled
Notice: /home/mark/projects/ssdocs/input/recipes/cheat_sheet.txt (line 325): Possible nested indent, which isn't handled
Notice: /home/mark/projects/ssdocs/input/recipes/cheat_sheet.txt (line 326): Possible nested indent, which isn't handled
Notice: /home/mark/projects/ssdocs/input/recipes/cheat_sheet.txt (line 334): Possible nested indent, which isn't handled
Notice: /home/mark/projects/ssdocs/input/recipes/cheat_sheet.txt (line 335): Possible nested indent, which isn't handled
Notice: /home/mark/projects/ssdocs/input/recipes/cheat_sheet.txt (line 533): Possible nested indent, which isn't handled
Notice: /home/mark/projects/ssdocs/input/recipes/extending_the_event_calendar.txt (line 198): Possible nested indent, which isn't handled
Notice: /home/mark/projects/ssdocs/input/recipes/extending_the_event_calendar.txt (line 199): Possible nested indent, which isn't handled
Notice: /home/mark/projects/ssdocs/input/recipes/extending_the_event_calendar.txt (line 200): Possible nested indent, which isn't handled
Notice: /home/mark/projects/ssdocs/input/recipes/extending_the_event_calendar.txt (line 201): Possible nested indent, which isn't handled
Notice: /home/mark/projects/ssdocs/input/recipes/extending_the_event_calendar.txt (line 349): Possible nested indent, which isn't handled
Notice: /home/mark/projects/ssdocs/input/recipes/extending_the_event_calendar.txt (line 353): Possible nested indent, which isn't handled
Notice: /home/mark/projects/ssdocs/input/recipes/extending_the_event_calendar.txt (line 354): Possible nested indent, which isn't handled
Notice: /home/mark/projects/ssdocs/input/html.txt (line 337): Possible nested indent, which isn't handled
Notice: /home/mark/projects/ssdocs/input/html.txt (line 338): Possible nested indent, which isn't handled
Notice: /home/mark/projects/ssdocs/input/html.txt (line 340): Possible nested indent, which isn't handled
Notice: /home/mark/projects/ssdocs/input/html.txt (line 341): Possible nested indent, which isn't handled
Notice: /home/mark/projects/ssdocs/input/html.txt (line 343): Possible nested indent, which isn't handled
Notice: /home/mark/projects/ssdocs/input/html.txt (line 344): Possible nested indent, which isn't handled
Notice: /home/mark/projects/ssdocs/input/html.txt (line 345): Possible nested indent, which isn't handled
Notice: /home/mark/projects/ssdocs/input/html.txt (line 346): Possible nested indent, which isn't handled
Notice: /home/mark/projects/ssdocs/input/installation-on-mac-osx.txt (line 32): Link with segment seen, not handled properly
Notice: /home/mark/projects/ssdocs/input/css.txt (line 569): Possible nested indent, which isn't handled
Notice: /home/mark/projects/ssdocs/input/css.txt (line 570): Possible nested indent, which isn't handled
Notice: /home/mark/projects/ssdocs/input/css.txt (line 571): Possible nested indent, which isn't handled
Notice: /home/mark/projects/ssdocs/input/css.txt (line 572): Possible nested indent, which isn't handled
Notice: /home/mark/projects/ssdocs/input/css.txt (line 573): Possible nested indent, which isn't handled
Notice: /home/mark/projects/ssdocs/input/css.txt (line 574): Possible nested indent, which isn't handled
Notice: /home/mark/projects/ssdocs/input/buildbot-try-server.txt (line 8): Possible nested indent, which isn't handled
Notice: /home/mark/projects/ssdocs/input/buildbot-try-server.txt (line 9): Possible nested indent, which isn't handled
Notice: /home/mark/projects/ssdocs/input/permission.txt (line 41): Possible nested indent, which isn't handled
Notice: /home/mark/projects/ssdocs/input/permission.txt (line 42): Possible nested indent, which isn't handled
Notice: /home/mark/projects/ssdocs/input/sitetree.txt (line 202): Link with segment seen, not handled properly
Notice: /home/mark/projects/ssdocs/input/modules/ecommerce.txt (line 32): Possible nested indent, which isn't handled
Notice: /home/mark/projects/ssdocs/input/modules/ecommerce.txt (line 33): Possible nested indent, which isn't handled
Notice: /home/mark/projects/ssdocs/input/modules/ecommerce.txt (line 91): Possible nested indent, which isn't handled
Notice: /home/mark/projects/ssdocs/input/modules/ecommerce.txt (line 92): Possible nested indent, which isn't handled
Notice: /home/mark/projects/ssdocs/input/modules/ecommerce.txt (line 166): Possible nested indent, which isn't handled
Notice: /home/mark/projects/ssdocs/input/modules/ecommerce.txt (line 167): Possible nested indent, which isn't handled
Notice: /home/mark/projects/ssdocs/input/modules/ecommerce.txt (line 168): Possible nested indent, which isn't handled
Notice: /home/mark/projects/ssdocs/input/modules/ecommerce.txt (line 169): Possible nested indent, which isn't handled
Notice: /home/mark/projects/ssdocs/input/modules/ecommerce.txt (line 177): Possible nested indent, which isn't handled
Notice: /home/mark/projects/ssdocs/input/modules/ecommerce.txt (line 178): Possible nested indent, which isn't handled
Notice: /home/mark/projects/ssdocs/input/modules/ecommerce.txt (line 315): Possible nested indent, which isn't handled
Notice: /home/mark/projects/ssdocs/input/modules/ecommerce.txt (line 316): Possible nested indent, which isn't handled
Notice: /home/mark/projects/ssdocs/input/modules/ecommerce.txt (line 317): Possible nested indent, which isn't handled
Notice: /home/mark/projects/ssdocs/input/modules/ecommerce.txt (line 318): Possible nested indent, which isn't handled
Notice: /home/mark/projects/ssdocs/input/modules/ecommerce.txt (line 319): Possible nested indent, which isn't handled
Notice: /home/mark/projects/ssdocs/input/modules/ecommerce.txt (line 320): Possible nested indent, which isn't handled
Notice: /home/mark/projects/ssdocs/input/modules/ecommerce.txt (line 321): Possible nested indent, which isn't handled
Notice: /home/mark/projects/ssdocs/input/modules/ecommerce.txt (line 322): Possible nested indent, which isn't handled
Notice: /home/mark/projects/ssdocs/input/modules/ecommerce.txt (line 323): Possible nested indent, which isn't handled
Notice: /home/mark/projects/ssdocs/input/modules/ecommerce.txt (line 324): Possible nested indent, which isn't handled
Notice: /home/mark/projects/ssdocs/input/modules/ecommerce.txt (line 326): Possible nested indent, which isn't handled
Notice: /home/mark/projects/ssdocs/input/modules/ecommerce.txt (line 327): Possible nested indent, which isn't handled
Notice: /home/mark/projects/ssdocs/input/modules/ecommerce.txt (line 328): Possible nested indent, which isn't handled
Notice: /home/mark/projects/ssdocs/input/modules/ecommerce.txt (line 329): Possible nested indent, which isn't handled
Notice: /home/mark/projects/ssdocs/input/modules/ecommerce.txt (line 330): Possible nested indent, which isn't handled
Notice: /home/mark/projects/ssdocs/input/modules/ecommerce.txt (line 331): Possible nested indent, which isn't handled
Notice: /home/mark/projects/ssdocs/input/modules/ecommerce.txt (line 332): Possible nested indent, which isn't handled
Notice: /home/mark/projects/ssdocs/input/modules/ecommerce.txt (line 333): Possible nested indent, which isn't handled
Notice: /home/mark/projects/ssdocs/input/modules/ecommerce.txt (line 334): Possible nested indent, which isn't handled
Notice: /home/mark/projects/ssdocs/input/modules/ecommerce.txt (line 335): Possible nested indent, which isn't handled
Notice: /home/mark/projects/ssdocs/input/modules/ecommerce.txt (line 337): Possible nested indent, which isn't handled
Notice: /home/mark/projects/ssdocs/input/modules/ecommerce.txt (line 338): Possible nested indent, which isn't handled
Notice: /home/mark/projects/ssdocs/input/modules/ecommerce.txt (line 339): Possible nested indent, which isn't handled
Notice: /home/mark/projects/ssdocs/input/modules/ecommerce.txt (line 340): Possible nested indent, which isn't handled
Notice: /home/mark/projects/ssdocs/input/modules/ecommerce.txt (line 341): Possible nested indent, which isn't handled
Notice: /home/mark/projects/ssdocs/input/modules/ecommerce.txt (line 342): Possible nested indent, which isn't handled
Notice: /home/mark/projects/ssdocs/input/modules/ecommerce.txt (line 343): Possible nested indent, which isn't handled
Notice: /home/mark/projects/ssdocs/input/modules/ecommerce.txt (line 346): Possible nested indent, which isn't handled
Notice: /home/mark/projects/ssdocs/input/modules/ecommerce.txt (line 348): Possible nested indent, which isn't handled
Notice: /home/mark/projects/ssdocs/input/modules/ecommerce.txt (line 349): Possible nested indent, which isn't handled
Notice: /home/mark/projects/ssdocs/input/modules/ecommerce.txt (line 350): Possible nested indent, which isn't handled
Notice: /home/mark/projects/ssdocs/input/modules/ecommerce.txt (line 351): Possible nested indent, which isn't handled
Notice: /home/mark/projects/ssdocs/input/modules/ecommerce.txt (line 352): Possible nested indent, which isn't handled
Notice: /home/mark/projects/ssdocs/input/modules/ecommerce.txt (line 354): Possible nested indent, which isn't handled
Notice: /home/mark/projects/ssdocs/input/modules/ecommerce.txt (line 355): Possible nested indent, which isn't handled
Notice: /home/mark/projects/ssdocs/input/modules/ecommerce.txt (line 495): Link with segment seen, not handled properly
Notice: /home/mark/projects/ssdocs/input/modules/ecommerce.txt (line 497): Link with segment seen, not handled properly
Notice: /home/mark/projects/ssdocs/input/modules/ecommerce.txt (line 498): Link with segment seen, not handled properly
Notice: /home/mark/projects/ssdocs/input/modules/ecommerce.txt (line 499): Link with segment seen, not handled properly
Notice: /home/mark/projects/ssdocs/input/modules/ecommerce.txt (line 501): Link with segment seen, not handled properly
Notice: /home/mark/projects/ssdocs/input/modules/ecommerce.txt (line 505): Link with segment seen, not handled properly
Notice: /home/mark/projects/ssdocs/input/modules/ecommerce.txt (line 516): Link with segment seen, not handled properly
Notice: /home/mark/projects/ssdocs/input/modules/ecommerce.txt (line 520): Link with segment seen, not handled properly
Notice: /home/mark/projects/ssdocs/input/modules/ecommerce.txt (line 522): Link with segment seen, not handled properly
Notice: /home/mark/projects/ssdocs/input/modules/ecommerce.txt (line 523): Link with segment seen, not handled properly
Notice: /home/mark/projects/ssdocs/input/modules/ecommerce.txt (line 524): Link with segment seen, not handled properly
Notice: /home/mark/projects/ssdocs/input/modules/ecommerce.txt (line 528): Link with segment seen, not handled properly
Notice: /home/mark/projects/ssdocs/input/modules/ecommerce.txt (line 535): Link with segment seen, not handled properly
Notice: /home/mark/projects/ssdocs/input/modules/ecommerce.txt (line 537): Link with segment seen, not handled properly
Notice: /home/mark/projects/ssdocs/input/modules/ecommerce.txt (line 571): Link with segment seen, not handled properly
Notice: /home/mark/projects/ssdocs/input/modules/ecommerce.txt (line 573): Link with segment seen, not handled properly
Notice: /home/mark/projects/ssdocs/input/modules/ecommerce.txt (line 575): Link with segment seen, not handled properly
Notice: /home/mark/projects/ssdocs/input/modules/ecommerce.txt (line 650): Link with segment seen, not handled properly
Notice: /home/mark/projects/ssdocs/input/modules/ecommerce.txt (line 651): Link with segment seen, not handled properly
Notice: /home/mark/projects/ssdocs/input/modules/ecommerce.txt (line 652): Link with segment seen, not handled properly
Notice: /home/mark/projects/ssdocs/input/modules/sitetreeimporter.txt (line 44): Possible nested indent, which isn't handled
Notice: /home/mark/projects/ssdocs/input/modules/sitetreeimporter.txt (line 45): Possible nested indent, which isn't handled
Notice: /home/mark/projects/ssdocs/input/modules/newsletter.txt (line 27): Possible nested indent, which isn't handled
Notice: /home/mark/projects/ssdocs/input/modules/newsletter.txt (line 28): Possible nested indent, which isn't handled
Notice: /home/mark/projects/ssdocs/input/modules/newsletter.txt (line 29): Possible nested indent, which isn't handled
Notice: /home/mark/projects/ssdocs/input/modules/newsletter.txt (line 30): Possible nested indent, which isn't handled
Notice: /home/mark/projects/ssdocs/input/modules/newsletter.txt (line 88): Possible numbered list item that is not docuwiki format, not handled
Notice: /home/mark/projects/ssdocs/input/modules/newsletter.txt (line 91): Possible numbered list item that is not docuwiki format, not handled
Notice: /home/mark/projects/ssdocs/input/modules/newsletter.txt (line 94): Possible numbered list item that is not docuwiki format, not handled
Notice: /home/mark/projects/ssdocs/input/modules/newsletter.txt (line 97): Possible numbered list item that is not docuwiki format, not handled
Notice: /home/mark/projects/ssdocs/input/modules/newsletter.txt (line 108): Possible numbered list item that is not docuwiki format, not handled
Notice: /home/mark/projects/ssdocs/input/modules/newsletter.txt (line 110): Possible numbered list item that is not docuwiki format, not handled
Notice: /home/mark/projects/ssdocs/input/modules/newsletter.txt (line 112): Possible numbered list item that is not docuwiki format, not handled
Notice: /home/mark/projects/ssdocs/input/modules/newsletter.txt (line 116): Possible numbered list item that is not docuwiki format, not handled
Notice: /home/mark/projects/ssdocs/input/modules/newsletter.txt (line 120): Possible numbered list item that is not docuwiki format, not handled
Notice: /home/mark/projects/ssdocs/input/modules/newsletter.txt (line 131): Possible numbered list item that is not docuwiki format, not handled
Notice: /home/mark/projects/ssdocs/input/modules/newsletter.txt (line 133): Possible numbered list item that is not docuwiki format, not handled
Notice: /home/mark/projects/ssdocs/input/modules/newsletter.txt (line 137): Possible numbered list item that is not docuwiki format, not handled
Notice: /home/mark/projects/ssdocs/input/modules/event_calendar.txt (line 7): Possible nested indent, which isn't handled
Notice: /home/mark/projects/ssdocs/input/modules/event_calendar.txt (line 8): Possible nested indent, which isn't handled
Notice: /home/mark/projects/ssdocs/input/modules/event_calendar.txt (line 9): Possible nested indent, which isn't handled
Notice: /home/mark/projects/ssdocs/input/modules/event_calendar.txt (line 10): Possible nested indent, which isn't handled
Notice: /home/mark/projects/ssdocs/input/modules/event_calendar.txt (line 11): Possible nested indent, which isn't handled
Notice: /home/mark/projects/ssdocs/input/modules/event_calendar.txt (line 12): Possible nested indent, which isn't handled
Notice: /home/mark/projects/ssdocs/input/modules/event_calendar.txt (line 13): Possible nested indent, which isn't handled
Notice: /home/mark/projects/ssdocs/input/modules/event_calendar.txt (line 14): Possible nested indent, which isn't handled
Notice: /home/mark/projects/ssdocs/input/modules/event_calendar.txt (line 29): Possible numbered list item that is not docuwiki format, not handled
Notice: /home/mark/projects/ssdocs/input/modules/event_calendar.txt (line 31): Possible numbered list item that is not docuwiki format, not handled
Notice: /home/mark/projects/ssdocs/input/modules/event_calendar.txt (line 33): Possible numbered list item that is not docuwiki format, not handled
Notice: /home/mark/projects/ssdocs/input/modules/event_calendar.txt (line 35): Possible numbered list item that is not docuwiki format, not handled
Notice: /home/mark/projects/ssdocs/input/modules/event_calendar.txt (line 76): Possible nested indent, which isn't handled
Notice: /home/mark/projects/ssdocs/input/modules/event_calendar.txt (line 77): Possible nested indent, which isn't handled
Notice: /home/mark/projects/ssdocs/input/modules/event_calendar.txt (line 78): Possible nested indent, which isn't handled
Notice: /home/mark/projects/ssdocs/input/modules/event_calendar.txt (line 79): Possible nested indent, which isn't handled
Notice: /home/mark/projects/ssdocs/input/modules/event_calendar.txt (line 80): Possible nested indent, which isn't handled
Notice: /home/mark/projects/ssdocs/input/modules/event_calendar.txt (line 95): Possible nested indent, which isn't handled
Notice: /home/mark/projects/ssdocs/input/modules/event_calendar.txt (line 96): Possible nested indent, which isn't handled
Notice: /home/mark/projects/ssdocs/input/modules/event_calendar.txt (line 97): Possible nested indent, which isn't handled
Notice: /home/mark/projects/ssdocs/input/modules/event_calendar.txt (line 143): Possible nested indent, which isn't handled
Notice: /home/mark/projects/ssdocs/input/modules/event_calendar.txt (line 144): Possible nested indent, which isn't handled
Notice: /home/mark/projects/ssdocs/input/modules/event_calendar.txt (line 145): Possible nested indent, which isn't handled
Notice: /home/mark/projects/ssdocs/input/modules/event_calendar.txt (line 146): Possible nested indent, which isn't handled
Notice: /home/mark/projects/ssdocs/input/modules/event_calendar.txt (line 147): Possible nested indent, which isn't handled
Notice: /home/mark/projects/ssdocs/input/modules/event_calendar.txt (line 204): Possible nested indent, which isn't handled
Notice: /home/mark/projects/ssdocs/input/modules/event_calendar.txt (line 205): Possible nested indent, which isn't handled
Notice: /home/mark/projects/ssdocs/input/modules/event_calendar.txt (line 206): Possible nested indent, which isn't handled
Notice: /home/mark/projects/ssdocs/input/modules/event_calendar.txt (line 214): Possible nested indent, which isn't handled
Notice: /home/mark/projects/ssdocs/input/modules/event_calendar.txt (line 215): Possible nested indent, which isn't handled
Notice: /home/mark/projects/ssdocs/input/modules/event_calendar.txt (line 216): Possible nested indent, which isn't handled
Notice: /home/mark/projects/ssdocs/input/modules/event_calendar.txt (line 222): Possible nested indent, which isn't handled
Notice: /home/mark/projects/ssdocs/input/modules/event_calendar.txt (line 223): Possible nested indent, which isn't handled
Notice: /home/mark/projects/ssdocs/input/modules/event_calendar.txt (line 224): Possible nested indent, which isn't handled
Notice: /home/mark/projects/ssdocs/input/modules/event_calendar.txt (line 225): Possible nested indent, which isn't handled
Notice: /home/mark/projects/ssdocs/input/modules/event_calendar.txt (line 226): Possible nested indent, which isn't handled
Notice: /home/mark/projects/ssdocs/input/modules/event_calendar.txt (line 227): Possible nested indent, which isn't handled
Notice: /home/mark/projects/ssdocs/input/modules/event_calendar.txt (line 228): Possible nested indent, which isn't handled
Notice: /home/mark/projects/ssdocs/input/modules/event_calendar.txt (line 258): Possible numbered list item that is not docuwiki format, not handled
Notice: /home/mark/projects/ssdocs/input/modules/event_calendar.txt (line 260): Possible numbered list item that is not docuwiki format, not handled
Notice: /home/mark/projects/ssdocs/input/modules/event_calendar.txt (line 262): Possible numbered list item that is not docuwiki format, not handled
Notice: /home/mark/projects/ssdocs/input/modules/event_calendar.txt (line 264): Possible numbered list item that is not docuwiki format, not handled
Notice: /home/mark/projects/ssdocs/input/modules/event_calendar.txt (line 266): Possible numbered list item that is not docuwiki format, not handled
Notice: /home/mark/projects/ssdocs/input/modules/multiform.txt (line 47): Link with segment seen, not handled properly
Notice: /home/mark/projects/ssdocs/input/modules/multiform.txt (line 379): Link with segment seen, not handled properly
Notice: /home/mark/projects/ssdocs/input/modules/multiform.txt (line 506): Possible nested indent, which isn't handled
Notice: /home/mark/projects/ssdocs/input/modules/multiform.txt (line 507): Possible nested indent, which isn't handled
Notice: /home/mark/projects/ssdocs/input/modules/multiform.txt (line 509): Possible nested indent, which isn't handled
Notice: /home/mark/projects/ssdocs/input/modules/geocoderfield.txt (line 34): Link with segment seen, not handled properly
Notice: /home/mark/projects/ssdocs/input/modules/flickrgallery.txt (line 19): Possible nested indent, which isn't handled
Notice: /home/mark/projects/ssdocs/input/modules/flickrgallery.txt (line 20): Possible nested indent, which isn't handled
Notice: /home/mark/projects/ssdocs/input/modules/flickrgallery.txt (line 21): Possible nested indent, which isn't handled
Notice: /home/mark/projects/ssdocs/input/modules/gis.txt (line 9): Possible nested indent, which isn't handled
Notice: /home/mark/projects/ssdocs/input/modules/gis.txt (line 11): Possible nested indent, which isn't handled
Notice: /home/mark/projects/ssdocs/input/modules/gis.txt (line 12): Possible nested indent, which isn't handled
Notice: /home/mark/projects/ssdocs/input/modules/spamprotection.txt (line 25): Possible numbered list item that is not docuwiki format, not handled
Notice: /home/mark/projects/ssdocs/input/modules/spamprotection.txt (line 27): Possible numbered list item that is not docuwiki format, not handled
Notice: /home/mark/projects/ssdocs/input/modules/spamprotection.txt (line 29): Possible numbered list item that is not docuwiki format, not handled
Notice: /home/mark/projects/ssdocs/input/modules/spamprotection.txt (line 31): Possible numbered list item that is not docuwiki format, not handled
Notice: /home/mark/projects/ssdocs/input/modules/spamprotection.txt (line 33): Possible numbered list item that is not docuwiki format, not handled
Notice: /home/mark/projects/ssdocs/input/modules/maps.txt (line 16): Possible numbered list item that is not docuwiki format, not handled
Notice: /home/mark/projects/ssdocs/input/modules/maps.txt (line 26): Possible numbered list item that is not docuwiki format, not handled
Notice: /home/mark/projects/ssdocs/input/modules/maps.txt (line 33): Possible numbered list item that is not docuwiki format, not handled
Notice: /home/mark/projects/ssdocs/input/modules/genericdataadmin.txt (line 39): Possible nested indent, which isn't handled
Notice: /home/mark/projects/ssdocs/input/modules/genericdataadmin.txt (line 40): Possible nested indent, which isn't handled
Notice: /home/mark/projects/ssdocs/input/modules/auth_ext_drivers.txt (line 10): Possible nested indent, which isn't handled
Notice: /home/mark/projects/ssdocs/input/modules/auth_ext_drivers.txt (line 11): Possible nested indent, which isn't handled
Notice: /home/mark/projects/ssdocs/input/modules/blog.txt (line 49): Link with segment seen, not handled properly
Notice: /home/mark/projects/ssdocs/input/modules/blog.txt (line 69): Possible nested indent, which isn't handled
Notice: /home/mark/projects/ssdocs/input/modules/simple_guestbook.txt (line 36): Possible nested indent, which isn't handled
Notice: /home/mark/projects/ssdocs/input/modules/simple_guestbook.txt (line 37): Possible nested indent, which isn't handled
Notice: /home/mark/projects/ssdocs/input/modules/simple_guestbook.txt (line 38): Possible nested indent, which isn't handled
Notice: /home/mark/projects/ssdocs/input/modules/simple_guestbook.txt (line 39): Possible nested indent, which isn't handled
Notice: /home/mark/projects/ssdocs/input/modules/simple_guestbook.txt (line 40): Possible nested indent, which isn't handled
Notice: /home/mark/projects/ssdocs/input/modules/simple_guestbook.txt (line 41): Possible nested indent, which isn't handled
Notice: /home/mark/projects/ssdocs/input/modules/simple_guestbook.txt (line 42): Possible nested indent, which isn't handled
Notice: /home/mark/projects/ssdocs/input/modules/simple_guestbook.txt (line 43): Possible nested indent, which isn't handled
Notice: /home/mark/projects/ssdocs/input/modules/mollom.txt (line 11): Possible nested indent, which isn't handled
Notice: /home/mark/projects/ssdocs/input/modules/mollom.txt (line 12): Possible nested indent, which isn't handled
Notice: /home/mark/projects/ssdocs/input/modules/mollom.txt (line 20): Possible numbered list item that is not docuwiki format, not handled
Notice: /home/mark/projects/ssdocs/input/modules/mollom.txt (line 23): Possible numbered list item that is not docuwiki format, not handled
Notice: /home/mark/projects/ssdocs/input/modules/mollom.txt (line 25): Possible numbered list item that is not docuwiki format, not handled
Notice: /home/mark/projects/ssdocs/input/modules/mollom.txt (line 27): Possible numbered list item that is not docuwiki format, not handled
Notice: /home/mark/projects/ssdocs/input/modules/mollom.txt (line 37): Possible numbered list item that is not docuwiki format, not handled
Notice: /home/mark/projects/ssdocs/input/modules/mollom.txt (line 39): Possible numbered list item that is not docuwiki format, not handled
Notice: /home/mark/projects/ssdocs/input/modules/mollom.txt (line 41): Possible numbered list item that is not docuwiki format, not handled
Notice: /home/mark/projects/ssdocs/input/modules/mollom.txt (line 48): Link with segment seen, not handled properly
Notice: /home/mark/projects/ssdocs/input/modules/privatemessage.txt (line 24): Possible nested indent, which isn't handled
Notice: /home/mark/projects/ssdocs/input/modules/privatemessage.txt (line 25): Possible nested indent, which isn't handled
Notice: /home/mark/projects/ssdocs/input/modules/privatemessage.txt (line 26): Possible nested indent, which isn't handled
Notice: /home/mark/projects/ssdocs/input/modules/privatemessage.txt (line 27): Possible nested indent, which isn't handled
Notice: /home/mark/projects/ssdocs/input/modules/privatemessage.txt (line 28): Possible nested indent, which isn't handled
Notice: /home/mark/projects/ssdocs/input/modules/subsites.txt (line 21): Link with segment seen, not handled properly
Notice: /home/mark/projects/ssdocs/input/modules/blog/installation.txt (line 12): Possible nested indent, which isn't handled
Notice: /home/mark/projects/ssdocs/input/modules/blog/installation.txt (line 14): Possible nested indent, which isn't handled
Notice: /home/mark/projects/ssdocs/input/modules/blog/installation.txt (line 20): Possible nested indent, which isn't handled
Notice: /home/mark/projects/ssdocs/input/modules/blog/installation.txt (line 24): Possible nested indent, which isn't handled
Notice: /home/mark/projects/ssdocs/input/modules/blog/installation.txt (line 25): Possible nested indent, which isn't handled
Notice: /home/mark/projects/ssdocs/input/modules/blog/installation.txt (line 26): Possible nested indent, which isn't handled
Notice: /home/mark/projects/ssdocs/input/modules/blog/installation.txt (line 27): Possible nested indent, which isn't handled
Notice: /home/mark/projects/ssdocs/input/modules/blog/installation.txt (line 28): Possible nested indent, which isn't handled
Notice: /home/mark/projects/ssdocs/input/modules/blog/installation.txt (line 29): Possible nested indent, which isn't handled
Notice: /home/mark/projects/ssdocs/input/modules/blog/installation.txt (line 30): Possible nested indent, which isn't handled
Notice: /home/mark/projects/ssdocs/input/modules/external-authentication.txt (line 81): Possible nested indent, which isn't handled
Notice: /home/mark/projects/ssdocs/input/modules/external-authentication.txt (line 82): Possible nested indent, which isn't handled
Notice: /home/mark/projects/ssdocs/input/suggested-web-hosts.txt (line 33): Possible nested indent, which isn't handled
Notice: /home/mark/projects/ssdocs/input/suggested-web-hosts.txt (line 38): Possible nested indent, which isn't handled
Notice: /home/mark/projects/ssdocs/input/suggested-web-hosts.txt (line 39): Possible nested indent, which isn't handled
Notice: /home/mark/projects/ssdocs/input/suggested-web-hosts.txt (line 40): Possible nested indent, which isn't handled
Notice: /home/mark/projects/ssdocs/input/suggested-web-hosts.txt (line 41): Possible nested indent, which isn't handled
Notice: /home/mark/projects/ssdocs/input/suggested-web-hosts.txt (line 43): Possible nested indent, which isn't handled
Notice: /home/mark/projects/ssdocs/input/suggested-web-hosts.txt (line 44): Possible nested indent, which isn't handled
Notice: /home/mark/projects/ssdocs/input/suggested-web-hosts.txt (line 52): Possible nested indent, which isn't handled
Notice: /home/mark/projects/ssdocs/input/suggested-web-hosts.txt (line 84): Link with segment seen, not handled properly
Notice: /home/mark/projects/ssdocs/input/suggested-web-hosts.txt (line 114): Possible nested indent, which isn't handled
Notice: /home/mark/projects/ssdocs/input/suggested-web-hosts.txt (line 115): Possible nested indent, which isn't handled
Notice: /home/mark/projects/ssdocs/input/suggested-web-hosts.txt (line 116): Possible nested indent, which isn't handled
Notice: /home/mark/projects/ssdocs/input/suggested-web-hosts.txt (line 117): Possible nested indent, which isn't handled
Notice: /home/mark/projects/ssdocs/input/suggested-web-hosts.txt (line 118): Possible nested indent, which isn't handled
Notice: /home/mark/projects/ssdocs/input/suggested-web-hosts.txt (line 141): Possible nested indent, which isn't handled
Notice: /home/mark/projects/ssdocs/input/windmill-testing.txt (line 7): Link with segment seen, not handled properly
Notice: /home/mark/projects/ssdocs/input/tools/gedit.txt (line 28): Possible nested indent, which isn't handled
Notice: /home/mark/projects/ssdocs/input/tools/gedit.txt (line 29): Possible nested indent, which isn't handled
Notice: /home/mark/projects/ssdocs/input/tools/gedit.txt (line 30): Possible nested indent, which isn't handled
Notice: /home/mark/projects/ssdocs/input/tools/netbeans.txt (line 5): Possible nested indent, which isn't handled
Notice: /home/mark/projects/ssdocs/input/tools/netbeans.txt (line 6): Possible nested indent, which isn't handled
Notice: /home/mark/projects/ssdocs/input/tools/netbeans.txt (line 7): Possible nested indent, which isn't handled
Notice: /home/mark/projects/ssdocs/input/installation-on-windows-pi.txt (line 9): Link with image seen, not handled properly
Notice: /home/mark/projects/ssdocs/input/gsoc.txt (line 11): Possible nested indent, which isn't handled
Notice: /home/mark/projects/ssdocs/input/environment-management.txt (line 51): Possible nested indent, which isn't handled
Notice: /home/mark/projects/ssdocs/input/environment-management.txt (line 52): Possible nested indent, which isn't handled
Notice: /home/mark/projects/ssdocs/input/environment-management.txt (line 53): Possible nested indent, which isn't handled
Notice: /home/mark/projects/ssdocs/input/installation-on-windows-wamp.txt (line 16): Possible nested indent, which isn't handled
Notice: /home/mark/projects/ssdocs/input/installation-on-windows-wamp.txt (line 17): Possible nested indent, which isn't handled
Notice: /home/mark/projects/ssdocs/input/private/recipes/pagination.txt (line 3): Link with segment seen, not handled properly
Notice: /home/mark/projects/ssdocs/input/private/tutorial/creating-a-module.txt (line 52): Possible nested indent, which isn't handled
Notice: /home/mark/projects/ssdocs/input/private/tutorial/creating-a-module.txt (line 55): Possible nested indent, which isn't handled
Notice: /home/mark/projects/ssdocs/input/private/tutorial/creating-a-module.txt (line 58): Possible nested indent, which isn't handled
Notice: /home/mark/projects/ssdocs/input/private/tutorial/creating-a-module.txt (line 61): Possible nested indent, which isn't handled
Notice: /home/mark/projects/ssdocs/input/private/tutorial/creating-a-module.txt (line 343): Link with segment seen, not handled properly
Notice: /home/mark/projects/ssdocs/input/private/tutorial/creating-a-module.txt (line 403): Link with segment seen, not handled properly
Notice: /home/mark/projects/ssdocs/input/private/tutorial/creating-a-module.txt (line 428): Link with segment seen, not handled properly
Notice: /home/mark/projects/ssdocs/input/private/tutorial/creating-a-module.txt (line 555): Link with segment seen, not handled properly
Notice: /home/mark/projects/ssdocs/input/private/tutorial/creating-a-module.txt (line 819): Link with segment seen, not handled properly
Notice: /home/mark/projects/ssdocs/input/private/tutorial/creating-a-module.txt (line 826): Possible nested indent, which isn't handled
Notice: /home/mark/projects/ssdocs/input/module-releases.txt (line 9): Link with segment seen, not handled properly
Notice: /home/mark/projects/ssdocs/input/module-releases.txt (line 17): Link with segment seen, not handled properly
Notice: /home/mark/projects/ssdocs/input/module-releases.txt (line 31): Link with segment seen, not handled properly
Notice: /home/mark/projects/ssdocs/input/module-releases.txt (line 43): Link with segment seen, not handled properly
Notice: /home/mark/projects/ssdocs/input/module-releases.txt (line 44): Link with segment seen, not handled properly
Notice: /home/mark/projects/ssdocs/input/module-releases.txt (line 48): Link with segment seen, not handled properly
Notice: /home/mark/projects/ssdocs/input/module-releases.txt (line 58): Link with segment seen, not handled properly
Notice: /home/mark/projects/ssdocs/input/javascript.txt (line 207): Link with segment seen, not handled properly
Notice: /home/mark/projects/ssdocs/input/javascript.txt (line 227): Link with segment seen, not handled properly
Notice: /home/mark/projects/ssdocs/input/javascript.txt (line 361): Link with segment seen, not handled properly
Notice: /home/mark/projects/ssdocs/input/javascript.txt (line 459): Link with segment seen, not handled properly
Notice: /home/mark/projects/ssdocs/input/module/simplewiki.txt (line 6): Possible nested indent, which isn't handled
Notice: /home/mark/projects/ssdocs/input/module/simplewiki.txt (line 7): Possible nested indent, which isn't handled
Notice: /home/mark/projects/ssdocs/input/module/simplewiki.txt (line 8): Possible nested indent, which isn't handled
Notice: /home/mark/projects/ssdocs/input/module/external-content-quickstart.txt (line 14): Possible nested indent, which isn't handled
Notice: /home/mark/projects/ssdocs/input/module/external-content-quickstart.txt (line 15): Possible nested indent, which isn't handled
Notice: /home/mark/projects/ssdocs/input/module/external-content-alfresco-connector.txt (line 11): Possible nested indent, which isn't handled
Notice: /home/mark/projects/ssdocs/input/module/external-content-alfresco-connector.txt (line 35): Possible nested indent, which isn't handled
Notice: /home/mark/projects/ssdocs/input/module/external-content-alfresco-connector.txt (line 36): Possible nested indent, which isn't handled
Notice: /home/mark/projects/ssdocs/input/module/external-content-alfresco-connector.txt (line 37): Possible nested indent, which isn't handled
Notice: /home/mark/projects/ssdocs/input/module/external-content-alfresco-connector.txt (line 38): Possible nested indent, which isn't handled
Notice: /home/mark/projects/ssdocs/input/module/external-content-alfresco-connector.txt (line 39): Possible nested indent, which isn't handled
Notice: /home/mark/projects/ssdocs/input/module/external-content.txt (line 20): Possible nested indent, which isn't handled
Notice: /home/mark/projects/ssdocs/input/module/external-content.txt (line 21): Possible nested indent, which isn't handled
Notice: /home/mark/projects/ssdocs/input/module/external-content.txt (line 22): Possible nested indent, which isn't handled
Notice: /home/mark/projects/ssdocs/input/module/external-content.txt (line 23): Possible nested indent, which isn't handled
Notice: /home/mark/projects/ssdocs/input/wiki/dokuwiki.txt (line 3): Link with image seen, not handled properly
Notice: /home/mark/projects/ssdocs/input/wiki/dokuwiki.txt (line 3): interwiki syntax seen, not handled properly
Notice: /home/mark/projects/ssdocs/input/wiki/dokuwiki.txt (line 5): interwiki syntax seen, not handled properly
Notice: /home/mark/projects/ssdocs/input/wiki/dokuwiki.txt (line 13): interwiki syntax seen, not handled properly
Notice: /home/mark/projects/ssdocs/input/wiki/dokuwiki.txt (line 17): interwiki syntax seen, not handled properly
Notice: /home/mark/projects/ssdocs/input/wiki/dokuwiki.txt (line 18): interwiki syntax seen, not handled properly
Notice: /home/mark/projects/ssdocs/input/wiki/dokuwiki.txt (line 19): interwiki syntax seen, not handled properly
Notice: /home/mark/projects/ssdocs/input/wiki/dokuwiki.txt (line 20): interwiki syntax seen, not handled properly
Notice: /home/mark/projects/ssdocs/input/wiki/dokuwiki.txt (line 25): interwiki syntax seen, not handled properly
Notice: /home/mark/projects/ssdocs/input/wiki/dokuwiki.txt (line 27): interwiki syntax seen, not handled properly
Notice: /home/mark/projects/ssdocs/input/wiki/dokuwiki.txt (line 28): interwiki syntax seen, not handled properly
Notice: /home/mark/projects/ssdocs/input/wiki/dokuwiki.txt (line 29): interwiki syntax seen, not handled properly
Notice: /home/mark/projects/ssdocs/input/wiki/dokuwiki.txt (line 34): interwiki syntax seen, not handled properly
Notice: /home/mark/projects/ssdocs/input/wiki/dokuwiki.txt (line 35): interwiki syntax seen, not handled properly
Notice: /home/mark/projects/ssdocs/input/wiki/dokuwiki.txt (line 36): interwiki syntax seen, not handled properly
Notice: /home/mark/projects/ssdocs/input/wiki/dokuwiki.txt (line 40): interwiki syntax seen, not handled properly
Notice: /home/mark/projects/ssdocs/input/wiki/dokuwiki.txt (line 41): interwiki syntax seen, not handled properly
Notice: /home/mark/projects/ssdocs/input/wiki/dokuwiki.txt (line 42): interwiki syntax seen, not handled properly
Notice: /home/mark/projects/ssdocs/input/wiki/dokuwiki.txt (line 43): interwiki syntax seen, not handled properly
Notice: /home/mark/projects/ssdocs/input/wiki/dokuwiki.txt (line 47): interwiki syntax seen, not handled properly
Notice: /home/mark/projects/ssdocs/input/wiki/dokuwiki.txt (line 49): interwiki syntax seen, not handled properly
Notice: /home/mark/projects/ssdocs/input/wiki/dokuwiki.txt (line 51): interwiki syntax seen, not handled properly
Notice: /home/mark/projects/ssdocs/input/wiki/dokuwiki.txt (line 63): Link with segment seen, not handled properly
Notice: /home/mark/projects/ssdocs/input/wiki/dokuwiki.txt (line 63): interwiki syntax seen, not handled properly
Notice: /home/mark/projects/ssdocs/input/wiki/syntax.txt (line 3): interwiki syntax seen, not handled properly
Notice: /home/mark/projects/ssdocs/input/wiki/syntax.txt (line 47): interwiki syntax seen, not handled properly
Notice: /home/mark/projects/ssdocs/input/wiki/syntax.txt (line 57): interwiki syntax seen, not handled properly
Notice: /home/mark/projects/ssdocs/input/wiki/syntax.txt (line 59): Link with segment seen, not handled properly
Notice: /home/mark/projects/ssdocs/input/wiki/syntax.txt (line 61): Link with segment seen, not handled properly
Notice: /home/mark/projects/ssdocs/input/wiki/syntax.txt (line 66): interwiki syntax seen, not handled properly
Notice: /home/mark/projects/ssdocs/input/wiki/syntax.txt (line 71): interwiki syntax seen, not handled properly
Notice: /home/mark/projects/ssdocs/input/wiki/syntax.txt (line 73): interwiki syntax seen, not handled properly
Notice: /home/mark/projects/ssdocs/input/wiki/syntax.txt (line 74): interwiki syntax seen, not handled properly
Notice: /home/mark/projects/ssdocs/input/wiki/syntax.txt (line 78): interwiki syntax seen, not handled properly
Notice: /home/mark/projects/ssdocs/input/wiki/syntax.txt (line 85): Link with segment seen, not handled properly
Notice: /home/mark/projects/ssdocs/input/wiki/syntax.txt (line 86): interwiki syntax seen, not handled properly
Notice: /home/mark/projects/ssdocs/input/wiki/syntax.txt (line 90): Link with segment seen, not handled properly
Notice: /home/mark/projects/ssdocs/input/wiki/syntax.txt (line 92): Link with image seen, not handled properly
Notice: /home/mark/projects/ssdocs/input/wiki/syntax.txt (line 94): Link with image seen, not handled properly
Notice: /home/mark/projects/ssdocs/input/wiki/syntax.txt (line 98): Link with segment seen, not handled properly
Notice: /home/mark/projects/ssdocs/input/wiki/syntax.txt (line 124): interwiki syntax seen, not handled properly
Notice: /home/mark/projects/ssdocs/input/wiki/syntax.txt (line 168): Possible nested indent, which isn't handled
Notice: /home/mark/projects/ssdocs/input/wiki/syntax.txt (line 173): Possible nested indent, which isn't handled
Notice: /home/mark/projects/ssdocs/input/wiki/syntax.txt (line 190): interwiki syntax seen, not handled properly
Notice: /home/mark/projects/ssdocs/input/wiki/syntax.txt (line 225): Link with segment seen, not handled properly
Notice: /home/mark/projects/ssdocs/input/wiki/syntax.txt (line 225): interwiki syntax seen, not handled properly
Notice: /home/mark/projects/ssdocs/input/wiki/syntax.txt (line 370): interwiki syntax seen, not handled properly
Notice: /home/mark/projects/ssdocs/input/gsoc/2009.txt (line 35): Possible nested indent, which isn't handled
Notice: /home/mark/projects/ssdocs/input/gsoc/2009.txt (line 36): Possible nested indent, which isn't handled
Notice: /home/mark/projects/ssdocs/input/gsoc/2009.txt (line 51): Possible nested indent, which isn't handled
Notice: /home/mark/projects/ssdocs/input/gsoc/2009.txt (line 52): Possible nested indent, which isn't handled
Notice: /home/mark/projects/ssdocs/input/gsoc/2009.txt (line 53): Possible nested indent, which isn't handled
Notice: /home/mark/projects/ssdocs/input/gsoc/2009.txt (line 54): Possible nested indent, which isn't handled
Notice: /home/mark/projects/ssdocs/input/gsoc/2009.txt (line 55): Possible nested indent, which isn't handled
Notice: /home/mark/projects/ssdocs/input/gsoc/2009.txt (line 74): Possible nested indent, which isn't handled
Notice: /home/mark/projects/ssdocs/input/gsoc/2009.txt (line 75): Possible nested indent, which isn't handled
Notice: /home/mark/projects/ssdocs/input/gsoc/2009.txt (line 76): Possible nested indent, which isn't handled
Notice: /home/mark/projects/ssdocs/input/gsoc/2009.txt (line 78): Possible nested indent, which isn't handled
Notice: /home/mark/projects/ssdocs/input/gsoc/2009.txt (line 79): Possible nested indent, which isn't handled
Notice: /home/mark/projects/ssdocs/input/gsoc/2009.txt (line 81): Possible nested indent, which isn't handled
Notice: /home/mark/projects/ssdocs/input/gsoc/2009.txt (line 108): Possible nested indent, which isn't handled
Notice: /home/mark/projects/ssdocs/input/gsoc/2009.txt (line 157): Possible nested indent, which isn't handled
Notice: /home/mark/projects/ssdocs/input/gsoc/2009.txt (line 158): Possible nested indent, which isn't handled
Notice: /home/mark/projects/ssdocs/input/gsoc/2009.txt (line 159): Possible nested indent, which isn't handled
Notice: /home/mark/projects/ssdocs/input/gsoc/2009.txt (line 169): Possible nested indent, which isn't handled
Notice: /home/mark/projects/ssdocs/input/gsoc/2008.txt (line 30): Possible nested indent, which isn't handled
Notice: /home/mark/projects/ssdocs/input/gsoc/2008.txt (line 31): Possible nested indent, which isn't handled
Notice: /home/mark/projects/ssdocs/input/gsoc/2008.txt (line 46): Possible nested indent, which isn't handled
Notice: /home/mark/projects/ssdocs/input/gsoc/2008.txt (line 47): Possible nested indent, which isn't handled
Notice: /home/mark/projects/ssdocs/input/gsoc/2008.txt (line 48): Possible nested indent, which isn't handled
Notice: /home/mark/projects/ssdocs/input/gsoc/2008.txt (line 49): Possible nested indent, which isn't handled
Notice: /home/mark/projects/ssdocs/input/gsoc/2008.txt (line 50): Possible nested indent, which isn't handled
Notice: /home/mark/projects/ssdocs/input/gsoc/2008.txt (line 69): Possible nested indent, which isn't handled
Notice: /home/mark/projects/ssdocs/input/gsoc/2008.txt (line 70): Possible nested indent, which isn't handled
Notice: /home/mark/projects/ssdocs/input/gsoc/2008.txt (line 71): Possible nested indent, which isn't handled
Notice: /home/mark/projects/ssdocs/input/gsoc/2008.txt (line 73): Possible nested indent, which isn't handled
Notice: /home/mark/projects/ssdocs/input/gsoc/2008.txt (line 74): Possible nested indent, which isn't handled
Notice: /home/mark/projects/ssdocs/input/gsoc/2008.txt (line 76): Possible nested indent, which isn't handled
Notice: /home/mark/projects/ssdocs/input/gsoc/2008.txt (line 103): Possible nested indent, which isn't handled
Notice: /home/mark/projects/ssdocs/input/gsoc/2008.txt (line 152): Possible nested indent, which isn't handled
Notice: /home/mark/projects/ssdocs/input/gsoc/2008.txt (line 153): Possible nested indent, which isn't handled
Notice: /home/mark/projects/ssdocs/input/gsoc/2008.txt (line 154): Possible nested indent, which isn't handled
Notice: /home/mark/projects/ssdocs/input/gsoc/2008.txt (line 164): Possible nested indent, which isn't handled
Notice: /home/mark/projects/ssdocs/input/arraydata.txt (line 5): Link with segment seen, not handled properly
Notice: /home/mark/projects/ssdocs/input/execution-pipeline.txt (line 48): Link with segment seen, not handled properly
Notice: /home/mark/projects/ssdocs/input/contributing.txt (line 35): Link with segment seen, not handled properly
Notice: /home/mark/projects/ssdocs/input/upgrading.txt (line 28): Possible nested indent, which isn't handled
Notice: /home/mark/projects/ssdocs/input/upgrading.txt (line 29): Possible nested indent, which isn't handled
Notice: /home/mark/projects/ssdocs/input/widgets.txt (line 286): Possible nested indent, which isn't handled
Notice: /home/mark/projects/ssdocs/input/widgets.txt (line 288): Possible nested indent, which isn't handled
Notice: /home/mark/projects/ssdocs/input/widgets.txt (line 289): Possible nested indent, which isn't handled
Notice: /home/mark/projects/ssdocs/input/modeladmin.txt (line 14): Possible numbered list item that is not docuwiki format, not handled
Notice: /home/mark/projects/ssdocs/input/modeladmin.txt (line 33): Possible numbered list item that is not docuwiki format, not handled
Notice: /home/mark/projects/ssdocs/input/modeladmin.txt (line 69): Possible numbered list item that is not docuwiki format, not handled
Notice: /home/mark/projects/ssdocs/input/modeladmin.txt (line 83): Possible nested indent, which isn't handled
Notice: /home/mark/projects/ssdocs/input/modeladmin.txt (line 90): Possible nested indent, which isn't handled
Notice: /home/mark/projects/ssdocs/input/urlvariabletools.txt (line 56): Link with segment seen, not handled properly
Notice: /home/mark/projects/ssdocs/input/database-structure.txt (line 38): Possible nested indent, which isn't handled
Notice: /home/mark/projects/ssdocs/input/database-structure.txt (line 39): Possible nested indent, which isn't handled
Notice: /home/mark/projects/ssdocs/input/database-structure.txt (line 40): Possible nested indent, which isn't handled
Notice: /home/mark/projects/ssdocs/input/database-structure.txt (line 41): Possible nested indent, which isn't handled
Notice: /home/mark/projects/ssdocs/input/database-structure.txt (line 42): Possible nested indent, which isn't handled
Notice: /home/mark/projects/ssdocs/input/database-structure.txt (line 43): Possible nested indent, which isn't handled
Notice: /home/mark/projects/ssdocs/input/database-structure.txt (line 45): Possible nested indent, which isn't handled
Notice: /home/mark/projects/ssdocs/input/database-structure.txt (line 46): Possible nested indent, which isn't handled
Notice: /home/mark/projects/ssdocs/input/database-structure.txt (line 48): Possible nested indent, which isn't handled
Notice: /home/mark/projects/ssdocs/input/database-structure.txt (line 49): Possible nested indent, which isn't handled
Notice: /home/mark/projects/ssdocs/input/database-structure.txt (line 74): Possible nested indent, which isn't handled
Notice: /home/mark/projects/ssdocs/input/database-structure.txt (line 75): Possible nested indent, which isn't handled
Notice: /home/mark/projects/ssdocs/input/database-structure.txt (line 76): Possible nested indent, which isn't handled
Notice: /home/mark/projects/ssdocs/input/database-structure.txt (line 78): Possible nested indent, which isn't handled
Notice: /home/mark/projects/ssdocs/input/database-structure.txt (line 79): Possible nested indent, which isn't handled
Notice: /home/mark/projects/ssdocs/input/database-structure.txt (line 80): Possible nested indent, which isn't handled
Notice: /home/mark/projects/ssdocs/input/third-party-packages.txt (line 23): Possible nested indent, which isn't handled
Notice: /home/mark/projects/ssdocs/input/third-party-packages.txt (line 26): Possible nested indent, which isn't handled
Notice: /home/mark/projects/ssdocs/input/third-party-packages.txt (line 27): Possible nested indent, which isn't handled
Notice: /home/mark/projects/ssdocs/input/third-party-packages.txt (line 31): Possible nested indent, which isn't handled
Notice: /home/mark/projects/ssdocs/input/third-party-packages.txt (line 32): Possible nested indent, which isn't handled
Notice: /home/mark/projects/ssdocs/input/third-party-packages.txt (line 33): Possible nested indent, which isn't handled
Notice: /home/mark/projects/ssdocs/input/third-party-packages.txt (line 34): Possible nested indent, which isn't handled
Notice: /home/mark/projects/ssdocs/input/third-party-packages.txt (line 35): Possible nested indent, which isn't handled
Notice: /home/mark/projects/ssdocs/input/third-party-packages.txt (line 36): Possible nested indent, which isn't handled
Notice: /home/mark/projects/ssdocs/input/third-party-packages.txt (line 37): Possible nested indent, which isn't handled
Notice: /home/mark/projects/ssdocs/input/third-party-packages.txt (line 42): Possible nested indent, which isn't handled
Notice: /home/mark/projects/ssdocs/input/third-party-packages.txt (line 43): Possible nested indent, which isn't handled
Notice: /home/mark/projects/ssdocs/input/installation-on-windows-manual-iis.txt (line 9): Possible nested indent, which isn't handled
Notice: /home/mark/projects/ssdocs/input/installation-on-windows-manual-iis.txt (line 18): Possible nested indent, which isn't handled
Notice: /home/mark/projects/ssdocs/input/installation-on-windows-manual-iis.txt (line 19): Possible nested indent, which isn't handled
Notice: /home/mark/projects/ssdocs/input/installation-on-windows-manual-iis.txt (line 56): Link with segment seen, not handled properly
Notice: /home/mark/projects/ssdocs/input/installation-on-windows-manual-iis.txt (line 77): Possible nested indent, which isn't handled
Notice: /home/mark/projects/ssdocs/input/installation-on-windows-manual-iis.txt (line 78): Possible nested indent, which isn't handled
Notice: /home/mark/projects/ssdocs/input/installation-on-windows-manual-iis.txt (line 79): Possible nested indent, which isn't handled
Notice: /home/mark/projects/ssdocs/input/installation-on-windows-manual-iis.txt (line 80): Possible nested indent, which isn't handled
Notice: /home/mark/projects/ssdocs/input/installation-on-windows-manual-iis.txt (line 81): Possible nested indent, which isn't handled
Notice: /home/mark/projects/ssdocs/input/installation-on-windows-manual-iis.txt (line 82): Possible nested indent, which isn't handled
Notice: /home/mark/projects/ssdocs/input/tutorial/5-dataobject-relationship-management.txt (line 3): Link with segment seen, not handled properly
Notice: /home/mark/projects/ssdocs/input/tutorial/5-dataobject-relationship-management.txt (line 140): Link with segment seen, not handled properly
Notice: /home/mark/projects/ssdocs/input/tutorial/5-dataobject-relationship-management.txt (line 149): Link with segment seen, not handled properly
Notice: /home/mark/projects/ssdocs/input/tutorial/5-dataobject-relationship-management.txt (line 155): Link with segment seen, not handled properly
Notice: /home/mark/projects/ssdocs/input/tutorial/5-dataobject-relationship-management.txt (line 271): Link with segment seen, not handled properly
Notice: /home/mark/projects/ssdocs/input/tutorial/5-dataobject-relationship-management.txt (line 275): Link with segment seen, not handled properly
Notice: /home/mark/projects/ssdocs/input/tutorial/5-dataobject-relationship-management.txt (line 279): Link with segment seen, not handled properly
Notice: /home/mark/projects/ssdocs/input/tutorial/5-dataobject-relationship-management.txt (line 370): Link with segment seen, not handled properly
Notice: /home/mark/projects/ssdocs/input/tutorial/5-dataobject-relationship-management.txt (line 374): Link with segment seen, not handled properly
Notice: /home/mark/projects/ssdocs/input/tutorial/5-dataobject-relationship-management.txt (line 378): Link with segment seen, not handled properly
Notice: /home/mark/projects/ssdocs/input/tutorial/5-dataobject-relationship-management.txt (line 428): Link with segment seen, not handled properly
Notice: /home/mark/projects/ssdocs/input/tutorial/5-dataobject-relationship-management.txt (line 436): Link with segment seen, not handled properly
Notice: /home/mark/projects/ssdocs/input/tutorial/5-dataobject-relationship-management.txt (line 532): Link with segment seen, not handled properly
Notice: /home/mark/projects/ssdocs/input/tutorial/1-building-a-basic-site.txt (line 79): Link with segment seen, not handled properly
Notice: /home/mark/projects/ssdocs/input/tutorial/1-building-a-basic-site.txt (line 376): interwiki syntax seen, not handled properly
Notice: /home/mark/projects/ssdocs/input/tutorial/2-extending-a-basic-site.txt (line 525): interwiki syntax seen, not handled properly
Notice: /home/mark/projects/ssdocs/input/tutorial/3-forms.txt (line 338): interwiki syntax seen, not handled properly
Notice: /home/mark/projects/ssdocs/input/tutorial/4-site-search.txt (line 167): interwiki syntax seen, not handled properly
Notice: /home/mark/projects/ssdocs/input/multilingualcontent.txt (line 299): Link with segment seen, not handled properly
Notice: /home/mark/projects/ssdocs/input/multilingualcontent.txt (line 304): Link with segment seen, not handled properly
Notice: /home/mark/projects/ssdocs/input/common-problems.txt (line 45): Possible nested indent, which isn't handled
Notice: /home/mark/projects/ssdocs/input/common-problems.txt (line 46): Possible nested indent, which isn't handled
Notice: /home/mark/projects/ssdocs/input/common-problems.txt (line 47): Possible nested indent, which isn't handled
Notice: /home/mark/projects/ssdocs/input/common-problems.txt (line 48): Possible nested indent, which isn't handled
Notice: /home/mark/projects/ssdocs/input/common-problems.txt (line 109): Possible nested indent, which isn't handled
Notice: /home/mark/projects/ssdocs/input/common-problems.txt (line 111): Possible nested indent, which isn't handled
Notice: /home/mark/projects/ssdocs/input/common-problems.txt (line 112): Possible nested indent, which isn't handled
Notice: /home/mark/projects/ssdocs/input/common-problems.txt (line 113): Possible nested indent, which isn't handled
Notice: /home/mark/projects/ssdocs/input/common-problems.txt (line 114): Possible nested indent, which isn't handled
Notice: /home/mark/projects/ssdocs/input/upgrading/2.1.0.txt (line 10): Possible nested indent, which isn't handled
Notice: /home/mark/projects/ssdocs/input/upgrading/2.1.0.txt (line 11): Possible nested indent, which isn't handled
Notice: /home/mark/projects/ssdocs/input/upgrading/2.3.2.txt (line 27): Link with segment seen, not handled properly
Notice: /home/mark/projects/ssdocs/input/upgrading/2.3.2.txt (line 29): Link with segment seen, not handled properly
Notice: /home/mark/projects/ssdocs/input/upgrading/2.3.2.txt (line 32): Link with segment seen, not handled properly
Notice: /home/mark/projects/ssdocs/input/upgrading/2.3.2.txt (line 35): Link with segment seen, not handled properly
